<?xml version="1.0" encoding="UTF-8"?>
<testng-results skipped="0" failed="0" total="1" passed="1">
  <reporter-output>
  </reporter-output>
  <suite name="Default suite" duration-ms="82" started-at="2021-10-08T03:08:39Z" finished-at="2021-10-08T03:08:39Z">
    <groups>
    </groups>
    <test name="Default test" duration-ms="82" started-at="2021-10-08T03:08:39Z" finished-at="2021-10-08T03:08:39Z">
      <class name="com.sdettraining.Day04">
        <test-method status="PASS" signature="testMethod1()[pri:0, instance:com.sdettraining.Day04@458ad742]" name="testMethod1" duration-ms="27" started-at="2021-10-08T08:38:39Z" finished-at="2021-10-08T08:38:39Z">
          <reporter-output>
          </reporter-output>
        </test-method> <!-- testMethod1 -->
      </class> <!-- com.sdettraining.Day04 -->
    </test> <!-- Default test -->
  </suite> <!-- Default suite -->
</testng-results>
