<?xml version="1.0" encoding="UTF-8"?>
<testng-results skipped="4" failed="0" total="4" passed="0">
  <reporter-output>
  </reporter-output>
  <suite name="Default suite" duration-ms="11070" started-at="2021-11-07T18:01:13Z" finished-at="2021-11-07T18:01:24Z">
    <groups>
    </groups>
    <test name="Default test" duration-ms="11070" started-at="2021-11-07T18:01:13Z" finished-at="2021-11-07T18:01:24Z">
      <class name="com.sdettraining.appium.Appium_3">
        <test-method status="FAIL" signature="startAppium()[pri:0, instance:com.sdettraining.appium.Appium_3@6fd02e5]" name="startAppium" is-config="true" duration-ms="0" started-at="2021-11-07T23:31:13Z" finished-at="2021-11-07T23:31:13Z">
          <exception class="java.lang.NullPointerException">
            <full-stacktrace>
              <![CDATA[java.lang.NullPointerException
	at com.sdettraining.appium.Appium_3.startAppium(Appium_3.java:55)
	at sun.reflect.NativeMethodAccessorImpl.invoke0(Native Method)
	at sun.reflect.NativeMethodAccessorImpl.invoke(Unknown Source)
	at sun.reflect.DelegatingMethodAccessorImpl.invoke(Unknown Source)
	at java.lang.reflect.Method.invoke(Unknown Source)
	at org.testng.internal.MethodInvocationHelper.invokeMethod(MethodInvocationHelper.java:100)
	at org.testng.internal.Invoker.invokeConfigurationMethod(Invoker.java:515)
	at org.testng.internal.Invoker.invokeConfigurations(Invoker.java:216)
	at org.testng.internal.Invoker.invokeMethod(Invoker.java:590)
	at org.testng.internal.Invoker.invokeTestMethod(Invoker.java:811)
	at org.testng.internal.Invoker.invokeTestMethods(Invoker.java:1137)
	at org.testng.internal.TestMethodWorker.invokeTestMethods(TestMethodWorker.java:129)
	at org.testng.internal.TestMethodWorker.run(TestMethodWorker.java:112)
	at org.testng.TestRunner.privateRun(TestRunner.java:753)
	at org.testng.TestRunner.run(TestRunner.java:607)
	at org.testng.SuiteRunner.runTest(SuiteRunner.java:368)
	at org.testng.SuiteRunner.runSequentially(SuiteRunner.java:363)
	at org.testng.SuiteRunner.privateRun(SuiteRunner.java:321)
	at org.testng.SuiteRunner.run(SuiteRunner.java:270)
	at org.testng.SuiteRunnerWorker.runSuite(SuiteRunnerWorker.java:52)
	at org.testng.SuiteRunnerWorker.run(SuiteRunnerWorker.java:86)
	at org.testng.TestNG.runSuitesSequentially(TestNG.java:1284)
	at org.testng.TestNG.runSuitesLocally(TestNG.java:1209)
	at org.testng.TestNG.runSuites(TestNG.java:1124)
	at org.testng.TestNG.run(TestNG.java:1096)
	at org.testng.remote.AbstractRemoteTestNG.run(AbstractRemoteTestNG.java:132)
	at org.testng.remote.RemoteTestNG.initAndRun(RemoteTestNG.java:236)
	at org.testng.remote.RemoteTestNG.main(RemoteTestNG.java:81)
]]>
            </full-stacktrace>
          </exception> <!-- java.lang.NullPointerException -->
          <reporter-output>
          </reporter-output>
        </test-method> <!-- startAppium -->
        <test-method status="SKIP" signature="checkBocAndRadioButtonMethod()[pri:0, instance:com.sdettraining.appium.Appium_3@6fd02e5]" name="checkBocAndRadioButtonMethod" duration-ms="2" started-at="2021-11-07T23:31:24Z" finished-at="2021-11-07T23:31:24Z">
          <reporter-output>
          </reporter-output>
        </test-method> <!-- checkBocAndRadioButtonMethod -->
        <test-method status="SKIP" signature="startAppium()[pri:0, instance:com.sdettraining.appium.Appium_3@6fd02e5]" name="startAppium" is-config="true" duration-ms="0" started-at="2021-11-07T23:31:24Z" finished-at="2021-11-07T23:31:24Z">
          <reporter-output>
          </reporter-output>
        </test-method> <!-- startAppium -->
        <test-method status="SKIP" signature="checkItemsMethod()[pri:0, instance:com.sdettraining.appium.Appium_3@6fd02e5]" name="checkItemsMethod" duration-ms="2" started-at="2021-11-07T23:31:24Z" finished-at="2021-11-07T23:31:24Z">
          <reporter-output>
          </reporter-output>
        </test-method> <!-- checkItemsMethod -->
        <test-method status="SKIP" signature="startAppium()[pri:0, instance:com.sdettraining.appium.Appium_3@6fd02e5]" name="startAppium" is-config="true" duration-ms="0" started-at="2021-11-07T23:31:24Z" finished-at="2021-11-07T23:31:24Z">
          <reporter-output>
          </reporter-output>
        </test-method> <!-- startAppium -->
        <test-method status="SKIP" signature="tabChangingTextMethod()[pri:0, instance:com.sdettraining.appium.Appium_3@6fd02e5]" name="tabChangingTextMethod" duration-ms="1" started-at="2021-11-07T23:31:24Z" finished-at="2021-11-07T23:31:24Z">
          <reporter-output>
          </reporter-output>
        </test-method> <!-- tabChangingTextMethod -->
        <test-method status="SKIP" signature="startAppium()[pri:0, instance:com.sdettraining.appium.Appium_3@6fd02e5]" name="startAppium" is-config="true" duration-ms="0" started-at="2021-11-07T23:31:24Z" finished-at="2021-11-07T23:31:24Z">
          <reporter-output>
          </reporter-output>
        </test-method> <!-- startAppium -->
        <test-method status="SKIP" signature="updateddDateMethod()[pri:0, instance:com.sdettraining.appium.Appium_3@6fd02e5]" name="updateddDateMethod" duration-ms="1" started-at="2021-11-07T23:31:24Z" finished-at="2021-11-07T23:31:24Z">
          <reporter-output>
          </reporter-output>
        </test-method> <!-- updateddDateMethod -->
      </class> <!-- com.sdettraining.appium.Appium_3 -->
    </test> <!-- Default test -->
  </suite> <!-- Default suite -->
</testng-results>
